Start testing: May 28 17:04 CST
----------------------------------------------------------
1/1 Testing: apc-test
1/1 Test: apc-test
Command: "/bin/sh" "-c" "apc < ./test/pasfile/stmtTest.pas"
Directory: /Users/chenzhuo/work/Awesome-Pascal-Compiler/cmake-build-debug
"apc-test" start time: May 28 17:04 CST
Output:
----------------------------------------------------------
/bin/sh: ./test/pasfile/stmtTest.pas: No such file or directory
<end of output>
Test time =   0.00 sec
----------------------------------------------------------
Test Failed.
"apc-test" end time: May 28 17:04 CST
"apc-test" time elapsed: 00:00:00
----------------------------------------------------------

End testing: May 28 17:04 CST
